# JRE version: Java(TM) SE Runtime Environment (8.0_91-b14) (build 1.8.0_91-b14)
# Java VM: Java HotSpot(TM) 64-Bit Server VM (25.91-b14 mixed mode bsd-amd64 compressed oops)
Heap:
 PSYoungGen      total 242688K, used 95172K [0x0000000795580000, 0x00000007a5100000, 0x00000007c0000000)
  eden space 228864K, 41% used [0x0000000795580000,0x000000079b2712f8,0x00000007a3500000)
  from space 13824K, 0% used [0x00000007a4380000,0x00000007a4380000,0x00000007a5100000)
  to   space 14336K, 0% used [0x00000007a3500000,0x00000007a3500000,0x00000007a4300000)
 ParOldGen       total 83968K, used 25653K [0x0000000740000000, 0x0000000745200000, 0x0000000795580000)
  object space 83968K, 30% used [0x0000000740000000,0x000000074190d710,0x0000000745200000)
 Metaspace       used 42106K, capacity 45124K, committed 45312K, reserved 1087488K
  class space    used 5867K, capacity 6558K, committed 6656K, reserved 1048576K
GC Heap History (10 events):
Event: 1100.391 GC heap before
{Heap before GC invocations=21 (full 7):
 PSYoungGen      total 243712K, used 3328K [0x0000000795580000, 0x00000007a5200000, 0x00000007c0000000)
  eden space 228864K, 0% used [0x0000000795580000,0x0000000795580000,0x00000007a3500000)
  from space 14848K, 22% used [0x00000007a4380000,0x00000007a46c0350,0x00000007a5200000)
  to   space 14848K, 0% used [0x00000007a3500000,0x00000007a3500000,0x00000007a4380000)
 ParOldGen       total 83968K, used 23675K [0x0000000740000000, 0x0000000745200000, 0x0000000795580000)
  object space 83968K, 28% used [0x0000000740000000,0x000000074171ec30,0x0000000745200000)
 Metaspace       used 41691K, capacity 44470K, committed 44544K, reserved 1087488K
  class space    used 5805K, capacity 6389K, committed 6400K, reserved 1048576K
Event: 1100.507 GC heap after
Heap after GC invocations=21 (full 7):
 PSYoungGen      total 243712K, used 0K [0x0000000795580000, 0x00000007a5200000, 0x00000007c0000000)
  eden space 228864K, 0% used [0x0000000795580000,0x0000000795580000,0x00000007a3500000)
  from space 14848K, 0% used [0x00000007a4380000,0x00000007a4380000,0x00000007a5200000)
  to   space 14848K, 0% used [0x00000007a3500000,0x00000007a3500000,0x00000007a4380000)
 ParOldGen       total 83968K, used 24359K [0x0000000740000000, 0x0000000745200000, 0x0000000795580000)
  object space 83968K, 29% used [0x0000000740000000,0x00000007417c9df0,0x0000000745200000)
 Metaspace       used 41691K, capacity 44470K, committed 44544K, reserved 1087488K
  class space    used 5805K, capacity 6389K, committed 6400K, reserved 1048576K
}
Event: 1104.109 GC heap before
{Heap before GC invocations=22 (full 7):
 PSYoungGen      total 243712K, used 95374K [0x0000000795580000, 0x00000007a5200000, 0x00000007c0000000)
  eden space 228864K, 41% used [0x0000000795580000,0x000000079b2a3b80,0x00000007a3500000)
  from space 14848K, 0% used [0x00000007a4380000,0x00000007a4380000,0x00000007a5200000)
  to   space 14848K, 0% used [0x00000007a3500000,0x00000007a3500000,0x00000007a4380000)
 ParOldGen       total 83968K, used 24359K [0x0000000740000000, 0x0000000745200000, 0x0000000795580000)
  object space 83968K, 29% used [0x0000000740000000,0x00000007417c9df0,0x0000000745200000)
 Metaspace       used 41867K, capacity 44746K, committed 44928K, reserved 1087488K
  class space    used 5832K, capacity 6455K, committed 6528K, reserved 1048576K
Event: 1104.113 GC heap after
Heap after GC invocations=22 (full 7):
 PSYoungGen      total 243712K, used 3296K [0x0000000795580000, 0x00000007a5200000, 0x00000007c0000000)
  eden space 228864K, 0% used [0x0000000795580000,0x0000000795580000,0x00000007a3500000)
  from space 14848K, 22% used [0x00000007a3500000,0x00000007a3838000,0x00000007a4380000)
  to   space 14848K, 0% used [0x00000007a4380000,0x00000007a4380000,0x00000007a5200000)
 ParOldGen       total 83968K, used 24367K [0x0000000740000000, 0x0000000745200000, 0x0000000795580000)
  object space 83968K, 29% used [0x0000000740000000,0x00000007417cbdf0,0x0000000745200000)
 Metaspace       used 41867K, capacity 44746K, committed 44928K, reserved 1087488K
  class space    used 5832K, capacity 6455K, committed 6528K, reserved 1048576K
}
Event: 1104.113 GC heap before
{Heap before GC invocations=23 (full 8):
 PSYoungGen      total 243712K, used 3296K [0x0000000795580000, 0x00000007a5200000, 0x00000007c0000000)
  eden space 228864K, 0% used [0x0000000795580000,0x0000000795580000,0x00000007a3500000)
  from space 14848K, 22% used [0x00000007a3500000,0x00000007a3838000,0x00000007a4380000)
  to   space 14848K, 0% used [0x00000007a4380000,0x00000007a4380000,0x00000007a5200000)
 ParOldGen       total 83968K, used 24367K [0x0000000740000000, 0x0000000745200000, 0x0000000795580000)
  object space 83968K, 29% used [0x0000000740000000,0x00000007417cbdf0,0x0000000745200000)
 Metaspace       used 41867K, capacity 44746K, committed 44928K, reserved 1087488K
  class space    used 5832K, capacity 6455K, committed 6528K, reserved 1048576K
Event: 1104.245 GC heap after
Heap after GC invocations=23 (full 8):
 PSYoungGen      total 243712K, used 0K [0x0000000795580000, 0x00000007a5200000, 0x00000007c0000000)
  eden space 228864K, 0% used [0x0000000795580000,0x0000000795580000,0x00000007a3500000)
  from space 14848K, 0% used [0x00000007a3500000,0x00000007a3500000,0x00000007a4380000)
  to   space 14848K, 0% used [0x00000007a4380000,0x00000007a4380000,0x00000007a5200000)
 ParOldGen       total 83968K, used 25003K [0x0000000740000000, 0x0000000745200000, 0x0000000795580000)
  object space 83968K, 29% used [0x0000000740000000,0x000000074186ac18,0x0000000745200000)
 Metaspace       used 41867K, capacity 44746K, committed 44928K, reserved 1087488K
  class space    used 5832K, capacity 6455K, committed 6528K, reserved 1048576K
}
Event: 1108.502 GC heap before
{Heap before GC invocations=24 (full 8):
 PSYoungGen      total 243712K, used 95867K [0x0000000795580000, 0x00000007a5200000, 0x00000007c0000000)
  eden space 228864K, 41% used [0x0000000795580000,0x000000079b31ed60,0x00000007a3500000)
  from space 14848K, 0% used [0x00000007a3500000,0x00000007a3500000,0x00000007a4380000)
  to   space 14848K, 0% used [0x00000007a4380000,0x00000007a4380000,0x00000007a5200000)
 ParOldGen       total 83968K, used 25003K [0x0000000740000000, 0x0000000745200000, 0x0000000795580000)
  object space 83968K, 29% used [0x0000000740000000,0x000000074186ac18,0x0000000745200000)
 Metaspace       used 41966K, capacity 44866K, committed 44928K, reserved 1087488K
  class space    used 5844K, capacity 6495K, committed 6528K, reserved 1048576K
Event: 1108.505 GC heap after
Heap after GC invocations=24 (full 8):
 PSYoungGen      total 242688K, used 3296K [0x0000000795580000, 0x00000007a5100000, 0x00000007c0000000)
  eden space 228864K, 0% used [0x0000000795580000,0x0000000795580000,0x00000007a3500000)
  from space 13824K, 23% used [0x00000007a4380000,0x00000007a46b8000,0x00000007a5100000)
  to   space 14336K, 0% used [0x00000007a3500000,0x00000007a3500000,0x00000007a4300000)
 ParOldGen       total 83968K, used 25011K [0x0000000740000000, 0x0000000745200000, 0x0000000795580000)
  object space 83968K, 29% used [0x0000000740000000,0x000000074186cc18,0x0000000745200000)
 Metaspace       used 41966K, capacity 44866K, committed 44928K, reserved 1087488K
  class space    used 5844K, capacity 6495K, committed 6528K, reserved 1048576K
}
Event: 1108.505 GC heap before
{Heap before GC invocations=25 (full 9):
 PSYoungGen      total 242688K, used 3296K [0x0000000795580000, 0x00000007a5100000, 0x00000007c0000000)
  eden space 228864K, 0% used [0x0000000795580000,0x0000000795580000,0x00000007a3500000)
  from space 13824K, 23% used [0x00000007a4380000,0x00000007a46b8000,0x00000007a5100000)
  to   space 14336K, 0% used [0x00000007a3500000,0x00000007a3500000,0x00000007a4300000)
 ParOldGen       total 83968K, used 25011K [0x0000000740000000, 0x0000000745200000, 0x0000000795580000)
  object space 83968K, 29% used [0x0000000740000000,0x000000074186cc18,0x0000000745200000)
 Metaspace       used 41966K, capacity 44866K, committed 44928K, reserved 1087488K
  class space    used 5844K, capacity 6495K, committed 6528K, reserved 1048576K
Event: 1108.604 GC heap after
Heap after GC invocations=25 (full 9):
 PSYoungGen      total 242688K, used 0K [0x0000000795580000, 0x00000007a5100000, 0x00000007c0000000)
  eden space 228864K, 0% used [0x0000000795580000,0x0000000795580000,0x00000007a3500000)
  from space 13824K, 0% used [0x00000007a4380000,0x00000007a4380000,0x00000007a5100000)
  to   space 14336K, 0% used [0x00000007a3500000,0x00000007a3500000,0x00000007a4300000)
 ParOldGen       total 83968K, used 25653K [0x0000000740000000, 0x0000000745200000, 0x0000000795580000)
  object space 83968K, 30% used [0x0000000740000000,0x000000074190d710,0x0000000745200000)
 Metaspace       used 41966K, capacity 44866K, committed 44928K, reserved 1087488K
  class space    used 5844K, capacity 6495K, committed 6528K, reserved 1048576K
}

